<?xml version="1.0" encoding="UTF-8"?>
<testng-results ignored="0" total="2" passed="2" failed="0" skipped="0">
  <reporter-output>
  </reporter-output>
  <suite started-at="2021-12-30T17:16:16 IST" name="Default suite" finished-at="2021-12-30T17:16:17 IST" duration-ms="1629">
    <groups>
      <group name="cucumber">
        <method signature="AbstractTestNGCucumberTests.runScenario(io.cucumber.testng.PickleWrapper,io.cucumber.testng.FeatureWrapper)[pri:0, instance:testRuner.TestRunnerSample@47d9a273]" name="runScenario" class="io.cucumber.testng.AbstractTestNGCucumberTests"/>
      </group> <!-- cucumber -->
    </groups>
    <test started-at="2021-12-30T17:16:16 IST" name="Default test" finished-at="2021-12-30T17:16:17 IST" duration-ms="1629">
      <class name="testRuner.TestRunnerSample">
        <test-method is-config="true" signature="setUpClass(org.testng.ITestContext)[pri:0, instance:testRuner.TestRunnerSample@47d9a273]" started-at="2021-12-30T17:16:16 IST" name="setUpClass" finished-at="2021-12-30T17:16:17 IST" duration-ms="866" status="PASS">
          <params>
            <param index="0">
              <value>
                <![CDATA[org.testng.TestRunner@37b70343]]>
              </value>
            </param>
          </params>
          <reporter-output>
          </reporter-output>
        </test-method> <!-- setUpClass -->
        <test-method signature="runScenario(io.cucumber.testng.PickleWrapper,io.cucumber.testng.FeatureWrapper)[pri:0, instance:testRuner.TestRunnerSample@47d9a273]" started-at="2021-12-30T17:16:17 IST" name="runScenario" description="Runs Cucumber Scenarios" data-provider="scenarios" finished-at="2021-12-30T17:16:17 IST" duration-ms="504" status="PASS">
          <params>
            <param index="0">
              <value>
                <![CDATA["search for mobile"]]>
              </value>
            </param>
            <param index="1">
              <value>
                <![CDATA["Optional[Flipkart search]"]]>
              </value>
            </param>
          </params>
          <reporter-output>
          </reporter-output>
        </test-method> <!-- runScenario -->
        <test-method signature="runScenario(io.cucumber.testng.PickleWrapper,io.cucumber.testng.FeatureWrapper)[pri:0, instance:testRuner.TestRunnerSample@47d9a273]" started-at="2021-12-30T17:16:17 IST" name="runScenario" description="Runs Cucumber Scenarios" data-provider="scenarios" finished-at="2021-12-30T17:16:17 IST" duration-ms="57" status="PASS">
          <params>
            <param index="0">
              <value>
                <![CDATA["search for TVMI"]]>
              </value>
            </param>
            <param index="1">
              <value>
                <![CDATA["Optional[Flipkart search]"]]>
              </value>
            </param>
          </params>
          <reporter-output>
          </reporter-output>
        </test-method> <!-- runScenario -->
        <test-method is-config="true" signature="tearDownClass()[pri:0, instance:testRuner.TestRunnerSample@47d9a273]" started-at="2021-12-30T17:16:17 IST" name="tearDownClass" finished-at="2021-12-30T17:16:17 IST" duration-ms="31" status="PASS">
          <reporter-output>
          </reporter-output>
        </test-method> <!-- tearDownClass -->
      </class> <!-- testRuner.TestRunnerSample -->
    </test> <!-- Default test -->
  </suite> <!-- Default suite -->
</testng-results>
